This is pdfTeX, Version 3.14159265-2.6-1.40.16 (TeX Live 2015/Debian) (preloaded format=pdflatex 2016.12.3)  16 JAN 2017 05:09
entering extended mode
 \write18 enabled.
 %&-line parsing enabled.
**cover.tex
(./cover.tex
LaTeX2e <2016/02/01>
Babel <3.9q> and hyphenation patterns for 81 language(s) loaded.

! LaTeX Error: Environment titlepage undefined.

See the LaTeX manual or LaTeX Companion for explanation.
Type  H <return>  for immediate help.
 ...                                              
                                                  
l.1 \begin{titlepage}
                     
Your command was ignored.
Type  I <command> <return>  to replace it with another command,
or  <return>  to continue without it.


! LaTeX Error: Missing \begin{document}.

See the LaTeX manual or LaTeX Companion for explanation.
Type  H <return>  for immediate help.
 ...                                              
                                                  
l.2 \center
            % Center everything on the page
You're in trouble here.  Try typing  <return>  to proceed.
If that doesn't work, type  X <return>  to quit.


Overfull \hbox (20.0pt too wide) in paragraph at lines 2--2
[] 
 []

! Undefined control sequence.
<recently read> \LARGE 
                       
l.8 ...—Ä—Å—Ç–≤–µ–Ω–Ω—ã–π —É–Ω–∏–≤–µ—Ä—Å–∏—Ç–µ—Ç)}
                                                  \\[1.5cm] % Name of your u...
The control sequence at the end of the top line
of your error message was never \def'ed. If you have
misspelled it (e.g., `\hobx'), type `I' and the correct
spelling (e.g., `I\hbox'). Otherwise just continue,
and I'll forget about whatever was undefined.

Missing character: There is no – in font cmcsc10!
Missing character: There is no ú in font cmcsc10!
Missing character: There is no – in font cmcsc10!
Missing character: There is no æ in font cmcsc10!
Missing character: There is no — in font cmcsc10!
Missing character: There is no Å in font cmcsc10!
Missing character: There is no – in font cmcsc10!
Missing character: There is no ∫ in font cmcsc10!
Missing character: There is no – in font cmcsc10!
Missing character: There is no æ in font cmcsc10!
Missing character: There is no – in font cmcsc10!
Missing character: There is no ≤ in font cmcsc10!
Missing character: There is no — in font cmcsc10!
Missing character: There is no Å in font cmcsc10!
Missing character: There is no – in font cmcsc10!
Missing character: There is no ∫ in font cmcsc10!
Missing character: There is no – in font cmcsc10!
Missing character: There is no ∏ in font cmcsc10!
Missing character: There is no – in font cmcsc10!
Missing character: There is no π in font cmcsc10!
Missing character: There is no – in font cmcsc10!
Missing character: There is no § in font cmcsc10!
Missing character: There is no – in font cmcsc10!
Missing character: There is no ∏ in font cmcsc10!
Missing character: There is no – in font cmcsc10!
Missing character: There is no ∑ in font cmcsc10!
Missing character: There is no – in font cmcsc10!
Missing character: There is no ∏ in font cmcsc10!
Missing character: There is no – in font cmcsc10!
Missing character: There is no ∫ in font cmcsc10!
Missing character: There is no – in font cmcsc10!
Missing character: There is no æ in font cmcsc10!
Missing character: There is no – in font cmcsc10!
Missing character: There is no ¢ in font cmcsc10!
Missing character: There is no – in font cmcsc10!
Missing character: There is no µ in font cmcsc10!
Missing character: There is no — in font cmcsc10!
Missing character: There is no Ö in font cmcsc10!
Missing character: There is no – in font cmcsc10!
Missing character: There is no Ω in font cmcsc10!
Missing character: There is no – in font cmcsc10!
Missing character: There is no ∏ in font cmcsc10!
Missing character: There is no — in font cmcsc10!
Missing character: There is no á in font cmcsc10!
Missing character: There is no – in font cmcsc10!
Missing character: There is no µ in font cmcsc10!
Missing character: There is no — in font cmcsc10!
Missing character: There is no Å in font cmcsc10!
Missing character: There is no – in font cmcsc10!
Missing character: There is no ∫ in font cmcsc10!
Missing character: There is no – in font cmcsc10!
Missing character: There is no ∏ in font cmcsc10!
Missing character: There is no – in font cmcsc10!
Missing character: There is no π in font cmcsc10!
Missing character: There is no – in font cmcsc10!
Missing character: There is no ò in font cmcsc10!
Missing character: There is no – in font cmcsc10!
Missing character: There is no Ω in font cmcsc10!
Missing character: There is no — in font cmcsc10!
Missing character: There is no Å in font cmcsc10!
Missing character: There is no — in font cmcsc10!
Missing character: There is no Ç in font cmcsc10!
Missing character: There is no – in font cmcsc10!
Missing character: There is no ∏ in font cmcsc10!
Missing character: There is no — in font cmcsc10!
Missing character: There is no Ç in font cmcsc10!
Missing character: There is no — in font cmcsc10!
Missing character: There is no É in font cmcsc10!
Missing character: There is no — in font cmcsc10!
Missing character: There is no Ç in font cmcsc10!

Overfull \hbox (3.77774pt too wide) in paragraph at lines 8--8
 []\OT1/cmr/m/sc/10 - 
 []

! Undefined control sequence.
<argument> ...∏–π –ò–Ω—Å—Ç–∏—Ç—É—Ç\\[0.1cm]\large 
                                                  (–≥–æ—Å—É–¥–∞—Ä—Å—Ç–≤–µ–Ω–...
l.8 ...—Ä—Å—Ç–≤–µ–Ω–Ω—ã–π —É–Ω–∏–≤–µ—Ä—Å–∏—Ç–µ—Ç)}
                                                  \\[1.5cm] % Name of your u...
The control sequence at the end of the top line
of your error message was never \def'ed. If you have
misspelled it (e.g., `\hobx'), type `I' and the correct
spelling (e.g., `I\hbox'). Otherwise just continue,
and I'll forget about whatever was undefined.

Missing character: There is no – in font cmcsc10!
Missing character: There is no ≥ in font cmcsc10!
Missing character: There is no – in font cmcsc10!
Missing character: There is no æ in font cmcsc10!
Missing character: There is no — in font cmcsc10!
Missing character: There is no Å in font cmcsc10!
Missing character: There is no — in font cmcsc10!
Missing character: There is no É in font cmcsc10!
Missing character: There is no – in font cmcsc10!
Missing character: There is no ¥ in font cmcsc10!
Missing character: There is no – in font cmcsc10!
Missing character: There is no ∞ in font cmcsc10!
Missing character: There is no — in font cmcsc10!
Missing character: There is no Ä in font cmcsc10!
Missing character: There is no — in font cmcsc10!
Missing character: There is no Å in font cmcsc10!
Missing character: There is no — in font cmcsc10!
Missing character: There is no Ç in font cmcsc10!
Missing character: There is no – in font cmcsc10!
Missing character: There is no ≤ in font cmcsc10!
Missing character: There is no – in font cmcsc10!
Missing character: There is no µ in font cmcsc10!
Missing character: There is no – in font cmcsc10!
Missing character: There is no Ω in font cmcsc10!
Missing character: There is no – in font cmcsc10!
Missing character: There is no Ω in font cmcsc10!
Missing character: There is no — in font cmcsc10!
Missing character: There is no ã in font cmcsc10!
Missing character: There is no – in font cmcsc10!
Missing character: There is no π in font cmcsc10!
Missing character: There is no — in font cmcsc10!
Missing character: There is no É in font cmcsc10!
Missing character: There is no – in font cmcsc10!
Missing character: There is no Ω in font cmcsc10!
Missing character: There is no – in font cmcsc10!
Missing character: There is no ∏ in font cmcsc10!
Missing character: There is no – in font cmcsc10!
Missing character: There is no ≤ in font cmcsc10!
Missing character: There is no – in font cmcsc10!
Missing character: There is no µ in font cmcsc10!
Missing character: There is no — in font cmcsc10!
Missing character: There is no Ä in font cmcsc10!
Missing character: There is no — in font cmcsc10!
Missing character: There is no Å in font cmcsc10!
Missing character: There is no – in font cmcsc10!
Missing character: There is no ∏ in font cmcsc10!
Missing character: There is no — in font cmcsc10!
Missing character: There is no Ç in font cmcsc10!
Missing character: There is no – in font cmcsc10!
Missing character: There is no µ in font cmcsc10!
Missing character: There is no — in font cmcsc10!
Missing character: There is no Ç in font cmcsc10!

Overfull \hbox (4.36105pt too wide) in paragraph at lines 8--8
 []\OT1/cmr/m/sc/10 ( 
 []


Overfull \hbox (4.36105pt too wide) in paragraph at lines 8--8
 \OT1/cmr/m/sc/10 ) 
 []

! Undefined control sequence.
<recently read> \Large 
                       
l.9 ...rge –ö–∞—Ñ–µ–¥—Ä–∞ –æ–±—â–µ–π —Ñ–∏–∑–∏–∫–∏}
                                                  \\[0.1cm] % Major heading ...
The control sequence at the end of the top line
of your error message was never \def'ed. If you have
misspelled it (e.g., `\hobx'), type `I' and the correct
spelling (e.g., `I\hbox'). Otherwise just continue,
and I'll forget about whatever was undefined.

Missing character: There is no – in font cmcsc10!
Missing character: There is no ö in font cmcsc10!
Missing character: There is no – in font cmcsc10!
Missing character: There is no ∞ in font cmcsc10!
Missing character: There is no — in font cmcsc10!
Missing character: There is no Ñ in font cmcsc10!
Missing character: There is no – in font cmcsc10!
Missing character: There is no µ in font cmcsc10!
Missing character: There is no – in font cmcsc10!
Missing character: There is no ¥ in font cmcsc10!
Missing character: There is no — in font cmcsc10!
Missing character: There is no Ä in font cmcsc10!
Missing character: There is no – in font cmcsc10!
Missing character: There is no ∞ in font cmcsc10!
Missing character: There is no – in font cmcsc10!
Missing character: There is no æ in font cmcsc10!
Missing character: There is no – in font cmcsc10!
Missing character: There is no ± in font cmcsc10!
Missing character: There is no — in font cmcsc10!
Missing character: There is no â in font cmcsc10!
Missing character: There is no – in font cmcsc10!
Missing character: There is no µ in font cmcsc10!
Missing character: There is no – in font cmcsc10!
Missing character: There is no π in font cmcsc10!
Missing character: There is no — in font cmcsc10!
Missing character: There is no Ñ in font cmcsc10!
Missing character: There is no – in font cmcsc10!
Missing character: There is no ∏ in font cmcsc10!
Missing character: There is no – in font cmcsc10!
Missing character: There is no ∑ in font cmcsc10!
Missing character: There is no – in font cmcsc10!
Missing character: There is no ∏ in font cmcsc10!
Missing character: There is no – in font cmcsc10!
Missing character: There is no ∫ in font cmcsc10!
Missing character: There is no – in font cmcsc10!
Missing character: There is no ∏ in font cmcsc10!
! Undefined control sequence.
<recently read> \large 
                       
l.10 ...Ä–æ—Å –ø–æ –≤—ã–±–æ—Ä—É, 3 —Å–µ–º–µ—Å—Ç—Ä}
                                                  \\[0.5cm] % Minor heading ...
The control sequence at the end of the top line
of your error message was never \def'ed. If you have
misspelled it (e.g., `\hobx'), type `I' and the correct
spelling (e.g., `I\hbox'). Otherwise just continue,
and I'll forget about whatever was undefined.

Missing character: There is no – in font cmcsc10!
Missing character: There is no í in font cmcsc10!
Missing character: There is no – in font cmcsc10!
Missing character: There is no æ in font cmcsc10!
Missing character: There is no – in font cmcsc10!
Missing character: There is no ø in font cmcsc10!
Missing character: There is no — in font cmcsc10!
Missing character: There is no Ä in font cmcsc10!
Missing character: There is no – in font cmcsc10!
Missing character: There is no æ in font cmcsc10!
Missing character: There is no — in font cmcsc10!
Missing character: There is no Å in font cmcsc10!
Missing character: There is no – in font cmcsc10!
Missing character: There is no ø in font cmcsc10!
Missing character: There is no – in font cmcsc10!
Missing character: There is no æ in font cmcsc10!
Missing character: There is no – in font cmcsc10!
Missing character: There is no ≤ in font cmcsc10!
Missing character: There is no — in font cmcsc10!
Missing character: There is no ã in font cmcsc10!
Missing character: There is no – in font cmcsc10!
Missing character: There is no ± in font cmcsc10!
Missing character: There is no – in font cmcsc10!
Missing character: There is no æ in font cmcsc10!
Missing character: There is no — in font cmcsc10!
Missing character: There is no Ä in font cmcsc10!
Missing character: There is no — in font cmcsc10!
Missing character: There is no É in font cmcsc10!
Missing character: There is no — in font cmcsc10!
Missing character: There is no Å in font cmcsc10!
Missing character: There is no – in font cmcsc10!
Missing character: There is no µ in font cmcsc10!
Missing character: There is no – in font cmcsc10!
Missing character: There is no º in font cmcsc10!
Missing character: There is no – in font cmcsc10!
Missing character: There is no µ in font cmcsc10!
Missing character: There is no — in font cmcsc10!
Missing character: There is no Å in font cmcsc10!
Missing character: There is no — in font cmcsc10!
Missing character: There is no Ç in font cmcsc10!
Missing character: There is no — in font cmcsc10!
Missing character: There is no Ä in font cmcsc10!

Overfull \hbox (3.1944pt too wide) in paragraph at lines 10--10
 \OT1/cmr/m/sc/10 , 
 []


Overfull \hbox (5.52773pt too wide) in paragraph at lines 10--10
 \OT1/cmr/m/sc/10 3 
 []

! Undefined control sequence.
l.16 \HRule
           
The control sequence at the end of the top line
of your error message was never \def'ed. If you have
misspelled it (e.g., `\hobx'), type `I' and the correct
spelling (e.g., `I\hbox'). Otherwise just continue,
and I'll forget about whatever was undefined.


! LaTeX Error: There's no line here to end.

See the LaTeX manual or LaTeX Companion for explanation.
Type  H <return>  for immediate help.
 ...                                              
                                                  
l.17 \\
       [0.8cm]
Your command was ignored.
Type  I <command> <return>  to replace it with another command,
or  <return>  to continue without it.

! Undefined control sequence.
l.18 { \huge
             \bfseries –ò—Å—Å–ª–µ–¥–æ–≤–∞–Ω–∏–µ —Ä–∞–±–æ—Ç—ã –∏–º–ø—É–ª—å—Å–...
The control sequence at the end of the top line
of your error message was never \def'ed. If you have
misspelled it (e.g., `\hobx'), type `I' and the correct
spelling (e.g., `I\hbox'). Otherwise just continue,
and I'll forget about whatever was undefined.

Missing character: There is no – in font cmbx10!
Missing character: There is no ò in font cmbx10!
Missing character: There is no — in font cmbx10!
Missing character: There is no Å in font cmbx10!
Missing character: There is no — in font cmbx10!
Missing character: There is no Å in font cmbx10!
Missing character: There is no – in font cmbx10!
Missing character: There is no ª in font cmbx10!
Missing character: There is no – in font cmbx10!
Missing character: There is no µ in font cmbx10!
Missing character: There is no – in font cmbx10!
Missing character: There is no ¥ in font cmbx10!
Missing character: There is no – in font cmbx10!
Missing character: There is no æ in font cmbx10!
Missing character: There is no – in font cmbx10!
Missing character: There is no ≤ in font cmbx10!
Missing character: There is no – in font cmbx10!
Missing character: There is no ∞ in font cmbx10!
Missing character: There is no – in font cmbx10!
Missing character: There is no Ω in font cmbx10!
Missing character: There is no – in font cmbx10!
Missing character: There is no ∏ in font cmbx10!
Missing character: There is no – in font cmbx10!
Missing character: There is no µ in font cmbx10!
Missing character: There is no — in font cmbx10!
Missing character: There is no Ä in font cmbx10!
Missing character: There is no – in font cmbx10!
Missing character: There is no ∞ in font cmbx10!
Missing character: There is no – in font cmbx10!
Missing character: There is no ± in font cmbx10!
Missing character: There is no – in font cmbx10!
Missing character: There is no æ in font cmbx10!
Missing character: There is no — in font cmbx10!
Missing character: There is no Ç in font cmbx10!
Missing character: There is no — in font cmbx10!
Missing character: There is no ã in font cmbx10!
Missing character: There is no – in font cmbx10!
Missing character: There is no ∏ in font cmbx10!
Missing character: There is no – in font cmbx10!
Missing character: There is no º in font cmbx10!
Missing character: There is no – in font cmbx10!
Missing character: There is no ø in font cmbx10!
Missing character: There is no — in font cmbx10!
Missing character: There is no É in font cmbx10!
Missing character: There is no – in font cmbx10!
Missing character: There is no ª in font cmbx10!
Missing character: There is no — in font cmbx10!
Missing character: There is no å in font cmbx10!
Missing character: There is no — in font cmbx10!
Missing character: There is no Å in font cmbx10!
Missing character: There is no – in font cmbx10!
Missing character: There is no Ω in font cmbx10!
Missing character: There is no – in font cmbx10!
Missing character: There is no æ in font cmbx10!
Missing character: There is no – in font cmbx10!
Missing character: There is no ≥ in font cmbx10!
Missing character: There is no – in font cmbx10!
Missing character: There is no æ in font cmbx10!
Missing character: There is no – in font cmbx10!
Missing character: There is no ø in font cmbx10!
Missing character: There is no — in font cmbx10!
Missing character: There is no Ä in font cmbx10!
Missing character: There is no – in font cmbx10!
Missing character: There is no µ in font cmbx10!
Missing character: There is no – in font cmbx10!
Missing character: There is no æ in font cmbx10!
Missing character: There is no – in font cmbx10!
Missing character: There is no ± in font cmbx10!
Missing character: There is no — in font cmbx10!
Missing character: There is no Ä in font cmbx10!
Missing character: There is no – in font cmbx10!
Missing character: There is no ∞ in font cmbx10!
Missing character: There is no – in font cmbx10!
Missing character: There is no ∑ in font cmbx10!
Missing character: There is no – in font cmbx10!
Missing character: There is no æ in font cmbx10!
Missing character: There is no – in font cmbx10!
Missing character: There is no ≤ in font cmbx10!
Missing character: There is no – in font cmbx10!
Missing character: There is no ∞ in font cmbx10!
Missing character: There is no — in font cmbx10!
Missing character: There is no Ç in font cmbx10!
Missing character: There is no – in font cmbx10!
Missing character: There is no µ in font cmbx10!
Missing character: There is no – in font cmbx10!
Missing character: There is no ª in font cmbx10!
Missing character: There is no — in font cmbx10!
Missing character: There is no è in font cmbx10!
Missing character: There is no – in font cmbx10!
Missing character: There is no Ω in font cmbx10!
Missing character: There is no – in font cmbx10!
Missing character: There is no ∞ in font cmbx10!
Missing character: There is no – in font cmbx10!
Missing character: There is no ø in font cmbx10!
Missing character: There is no — in font cmbx10!
Missing character: There is no Ä in font cmbx10!
Missing character: There is no — in font cmbx10!
Missing character: There is no è in font cmbx10!
Missing character: There is no – in font cmbx10!
Missing character: There is no ∂ in font cmbx10!
Missing character: There is no – in font cmbx10!
Missing character: There is no µ in font cmbx10!
Missing character: There is no – in font cmbx10!
Missing character: There is no Ω in font cmbx10!
Missing character: There is no – in font cmbx10!
Missing character: There is no ∏ in font cmbx10!
Missing character: There is no — in font cmbx10!
Missing character: There is no è in font cmbx10!
! Undefined control sequence.
l.20 \HRule
           
The control sequence at the end of the top line
of your error message was never \def'ed. If you have
misspelled it (e.g., `\hobx'), type `I' and the correct
spelling (e.g., `I\hbox'). Otherwise just continue,
and I'll forget about whatever was undefined.


! LaTeX Error: There's no line here to end.

See the LaTeX manual or LaTeX Companion for explanation.
Type  H <return>  for immediate help.
 ...                                              
                                                  
l.21 \\
       [1.5cm]
Your command was ignored.
Type  I <command> <return>  to replace it with another command,
or  <return>  to continue without it.

! Undefined control sequence.
l.30 	\begin{flushleft} \large
                              
The control sequence at the end of the top line
of your error message was never \def'ed. If you have
misspelled it (e.g., `\hobx'), type `I' and the correct
spelling (e.g., `I\hbox'). Otherwise just continue,
and I'll forget about whatever was undefined.

Missing character: There is no – in font cmss10!
Missing character: There is no ° in font cmss10!
Missing character: There is no — in font cmss10!
Missing character: There is no Ç in font cmss10!
Missing character: There is no — in font cmss10!
Missing character: There is no É in font cmss10!
Missing character: There is no – in font cmss10!
Missing character: There is no ¥ in font cmss10!
Missing character: There is no – in font cmss10!
Missing character: There is no µ in font cmss10!
Missing character: There is no – in font cmss10!
Missing character: There is no Ω in font cmss10!
Missing character: There is no — in font cmss10!
Missing character: There is no Ç in font cmss10!
Missing character: There is no – in font nullfont!
Missing character: There is no ì in font nullfont!
Missing character: There is no – in font nullfont!
Missing character: There is no µ in font nullfont!
Missing character: There is no – in font nullfont!
Missing character: There is no æ in font nullfont!
Missing character: There is no — in font nullfont!
Missing character: There is no Ä in font nullfont!
Missing character: There is no – in font nullfont!
Missing character: There is no ≥ in font nullfont!
Missing character: There is no – in font nullfont!
Missing character: There is no ∏ in font nullfont!
Missing character: There is no – in font nullfont!
Missing character: There is no π in font nullfont!
Missing character: There is no – in font cmcsc10!
Missing character: There is no ö in font cmcsc10!
Missing character: There is no – in font cmcsc10!
Missing character: There is no æ in font cmcsc10!
Missing character: There is no — in font cmcsc10!
Missing character: There is no Ä in font cmcsc10!
Missing character: There is no – in font cmcsc10!
Missing character: There is no µ in font cmcsc10!
Missing character: There is no – in font cmcsc10!
Missing character: There is no ø in font cmcsc10!
Missing character: There is no – in font cmcsc10!
Missing character: There is no ∞ in font cmcsc10!
Missing character: There is no – in font cmcsc10!
Missing character: There is no Ω in font cmcsc10!
Missing character: There is no – in font cmcsc10!
Missing character: There is no æ in font cmcsc10!
Missing character: There is no – in font cmcsc10!
Missing character: There is no ≤ in font cmcsc10!
Missing character: There is no 5 in font nullfont!
Missing character: There is no 1 in font nullfont!
Missing character: There is no 2 in font nullfont!
Missing character: There is no – in font nullfont!
Missing character: There is no ≥ in font nullfont!
Missing character: There is no — in font nullfont!
Missing character: There is no Ä in font nullfont!
Missing character: There is no — in font nullfont!
Missing character: There is no É in font nullfont!
Missing character: There is no – in font nullfont!
Missing character: There is no ø in font nullfont!
Missing character: There is no – in font nullfont!
Missing character: There is no ø in font nullfont!
Missing character: There is no – in font nullfont!
Missing character: There is no ∞ in font nullfont!
LaTeX Font Info:    External font `cmex10' loaded for size
(Font)              <7> on input line 36.
LaTeX Font Info:    External font `cmex10' loaded for size
(Font)              <5> on input line 36.
! Undefined control sequence.
l.39 	\begin{flushright} \large
                               
The control sequence at the end of the top line
of your error message was never \def'ed. If you have
misspelled it (e.g., `\hobx'), type `I' and the correct
spelling (e.g., `I\hbox'). Otherwise just continue,
and I'll forget about whatever was undefined.

Missing character: There is no – in font cmss10!
Missing character: There is no ü in font cmss10!
Missing character: There is no — in font cmss10!
Missing character: There is no Ä in font cmss10!
Missing character: There is no – in font cmss10!
Missing character: There is no µ in font cmss10!
Missing character: There is no – in font cmss10!
Missing character: There is no ø in font cmss10!
Missing character: There is no – in font cmss10!
Missing character: There is no æ in font cmss10!
Missing character: There is no – in font cmss10!
Missing character: There is no ¥ in font cmss10!
Missing character: There is no – in font cmss10!
Missing character: There is no ∞ in font cmss10!
Missing character: There is no – in font cmss10!
Missing character: There is no ≤ in font cmss10!
Missing character: There is no – in font cmss10!
Missing character: There is no ∞ in font cmss10!
Missing character: There is no — in font cmss10!
Missing character: There is no Ç in font cmss10!
Missing character: There is no – in font cmss10!
Missing character: There is no µ in font cmss10!
Missing character: There is no – in font cmss10!
Missing character: There is no ª in font cmss10!
Missing character: There is no — in font cmss10!
Missing character: There is no å in font cmss10!
Missing character: There is no – in font nullfont!
Missing character: There is no í in font nullfont!
Missing character: There is no – in font nullfont!
Missing character: There is no ∏ in font nullfont!
Missing character: There is no – in font nullfont!
Missing character: There is no ∫ in font nullfont!
Missing character: There is no — in font nullfont!
Missing character: There is no Ç in font nullfont!
Missing character: There is no – in font nullfont!
Missing character: There is no æ in font nullfont!
Missing character: There is no — in font nullfont!
Missing character: There is no Ä in font nullfont!
Missing character: There is no – in font nullfont!
Missing character: There is no ò in font nullfont!
Missing character: There is no – in font nullfont!
Missing character: There is no ≤ in font nullfont!
Missing character: There is no – in font nullfont!
Missing character: There is no ∞ in font nullfont!
Missing character: There is no – in font nullfont!
Missing character: There is no Ω in font nullfont!
Missing character: There is no – in font nullfont!
Missing character: There is no æ in font nullfont!
Missing character: There is no – in font nullfont!
Missing character: There is no ≤ in font nullfont!
Missing character: There is no – in font nullfont!
Missing character: There is no ∏ in font nullfont!
Missing character: There is no — in font nullfont!
Missing character: There is no á in font nullfont!
Missing character: There is no – in font cmcsc10!
Missing character: There is no ß in font cmcsc10!
Missing character: There is no – in font cmcsc10!
Missing character: There is no ∏ in font cmcsc10!
Missing character: There is no – in font cmcsc10!
Missing character: There is no ≤ in font cmcsc10!
Missing character: There is no – in font cmcsc10!
Missing character: There is no ∏ in font cmcsc10!
Missing character: There is no – in font cmcsc10!
Missing character: There is no ª in font cmcsc10!
Missing character: There is no — in font cmcsc10!
Missing character: There is no ë in font cmcsc10!
Missing character: There is no – in font cmcsc10!
Missing character: There is no ≤ in font cmcsc10!

Overfull \hbox (3276.74998pt too wide) in paragraph at lines 29--46
 []$[]$ 
 []


Overfull \hbox (3276.74998pt too wide) in paragraph at lines 29--46
 []$ 
 []


! LaTeX Error: Environment bottompar undefined.

See the LaTeX manual or LaTeX Companion for explanation.
Type  H <return>  for immediate help.
 ...                                              
                                                  
l.47 \begin{bottompar}
                      
Your command was ignored.
Type  I <command> <return>  to replace it with another command,
or  <return>  to continue without it.

! Undefined control sequence.
l.49 		\includegraphics
                       [width = 80 mm]{logo.jpg}
The control sequence at the end of the top line
of your error message was never \def'ed. If you have
misspelled it (e.g., `\hobx'), type `I' and the correct
spelling (e.g., `I\hbox'). Otherwise just continue,
and I'll forget about whatever was undefined.

Missing character: There is no [ in font nullfont!
Missing character: There is no w in font nullfont!
Missing character: There is no i in font nullfont!
Missing character: There is no d in font nullfont!
Missing character: There is no t in font nullfont!
Missing character: There is no h in font nullfont!
Missing character: There is no = in font nullfont!
Missing character: There is no 8 in font nullfont!
Missing character: There is no 0 in font nullfont!
Missing character: There is no m in font nullfont!
Missing character: There is no m in font nullfont!
Missing character: There is no ] in font nullfont!
Missing character: There is no l in font nullfont!
Missing character: There is no o in font nullfont!
Missing character: There is no g in font nullfont!
Missing character: There is no o in font nullfont!
Missing character: There is no . in font nullfont!
Missing character: There is no j in font nullfont!
Missing character: There is no p in font nullfont!
Missing character: There is no g in font nullfont!
! Undefined control sequence.
l.51 	{\large
              \today}
The control sequence at the end of the top line
of your error message was never \def'ed. If you have
misspelled it (e.g., `\hobx'), type `I' and the correct
spelling (e.g., `I\hbox'). Otherwise just continue,
and I'll forget about whatever was undefined.

! Undefined control sequence.
l.51 	{\large \today
                    }
The control sequence at the end of the top line
of your error message was never \def'ed. If you have
misspelled it (e.g., `\hobx'), type `I' and the correct
spelling (e.g., `I\hbox'). Otherwise just continue,
and I'll forget about whatever was undefined.


! LaTeX Error: \begin{document} ended by \end{bottompar}.

See the LaTeX manual or LaTeX Companion for explanation.
Type  H <return>  for immediate help.
 ...                                              
                                                  
l.53 \end{bottompar}
                    
Your command was ignored.
Type  I <command> <return>  to replace it with another command,
or  <return>  to continue without it.


! LaTeX Error: \begin{document} ended by \end{titlepage}.

See the LaTeX manual or LaTeX Companion for explanation.
Type  H <return>  for immediate help.
 ...                                              
                                                  
l.56 \end{titlepage}
                    
Your command was ignored.
Type  I <command> <return>  to replace it with another command,
or  <return>  to continue without it.

)
! Emergency stop.
<*> cover.tex
             
*** (job aborted, no legal \end found)

 
Here is how much of TeX's memory you used:
 21 strings out of 493029
 279 string characters out of 6136234
 54066 words of memory out of 5000000
 3654 multiletter control sequences out of 15000+600000
 4554 words of font info for 17 fonts, out of 8000000 for 9000
 1141 hyphenation exceptions out of 8191
 20i,3n,18p,240b,222s stack positions out of 5000i,500n,10000p,200000b,80000s
!  ==> Fatal error occurred, no output PDF file produced!
